<?xml version="1.0" encoding="UTF-8"?>
<!-- Generated by org.testng.reporters.JUnitReportReporter -->
<testsuite hostname="LAPTOP-F4V0MLOQ" failures="0" tests="4" name="testautoprac.HomePageTest" time="1.875" errors="0" timestamp="2025-10-27T08:39:20 IST" skipped="0">
  <testcase classname="testautoprac.HomePageTest" name="enterTextBoxValues" time="0.657"/>
  <testcase classname="testautoprac.HomePageTest" name="enterRadioCheckBoxValues" time="0.980"/>
  <testcase classname="testautoprac.HomePageTest" name="acceptAlert" time="0.186"/>
  <testcase classname="testautoprac.HomePageTest" name="CheckTable" time="0.052"/>
</testsuite> <!-- testautoprac.HomePageTest -->
